{"/home/nlnadialigia/www/extra-time-keeper/src/components/overtime/StatsCard.tsx": {"path":"/home/nlnadialigia/www/extra-time-keeper/src/components/overtime/StatsCard.tsx","statementMap":{"0":{"start":{"line":25,"column":16},"end":{"line":25,"column":26}},"1":{"start":{"line":2,"column":19},"end":{"line":2,"column":null}},"2":{"start":{"line":13,"column":22},"end":{"line":17,"column":null}},"3":{"start":{"line":19,"column":21},"end":{"line":23,"column":null}}},"fnMap":{"0":{"name":"StatsCard","decl":{"start":{"line":25,"column":16},"end":{"line":25,"column":26}},"loc":{"start":{"line":25,"column":101},"end":{"line":57,"column":null}}}},"branchMap":{"0":{"loc":{"start":{"line":41,"column":11},"end":{"line":41,"column":null}},"type":"binary-expr","locations":[{"start":{"line":41,"column":11},"end":{"line":41,"column":null}}]},"1":{"loc":{"start":{"line":44,"column":14},"end":{"line":44,"column":null}},"type":"cond-expr","locations":[{"start":{"line":44,"column":27},"end":{"line":44,"column":54}},{"start":{"line":44,"column":54},"end":{"line":44,"column":null}}]}},"s":{"0":3,"1":1,"2":1,"3":1},"f":{"0":3},"b":{"0":[3],"1":[1,2]}}
,"/home/nlnadialigia/www/extra-time-keeper/src/hooks/useTimeEntries.ts": {"path":"/home/nlnadialigia/www/extra-time-keeper/src/hooks/useTimeEntries.ts","statementMap":{"0":{"start":{"line":6,"column":16},"end":{"line":6,"column":31}},"1":{"start":{"line":4,"column":36},"end":{"line":4,"column":null}},"2":{"start":{"line":7,"column":32},"end":{"line":7,"column":null}},"3":{"start":{"line":9,"column":20},"end":{"line":11,"column":null}},"4":{"start":{"line":10,"column":4},"end":{"line":10,"column":null}},"5":{"start":{"line":10,"column":23},"end":{"line":10,"column":null}},"6":{"start":{"line":13,"column":23},"end":{"line":17,"column":null}},"7":{"start":{"line":14,"column":4},"end":{"line":15,"column":null}},"8":{"start":{"line":14,"column":23},"end":{"line":15,"column":null}},"9":{"start":{"line":15,"column":6},"end":{"line":15,"column":null}},"10":{"start":{"line":19,"column":23},"end":{"line":21,"column":null}},"11":{"start":{"line":20,"column":4},"end":{"line":20,"column":null}},"12":{"start":{"line":20,"column":23},"end":{"line":20,"column":null}},"13":{"start":{"line":20,"column":45},"end":{"line":20,"column":null}},"14":{"start":{"line":23,"column":25},"end":{"line":25,"column":null}},"15":{"start":{"line":24,"column":4},"end":{"line":24,"column":null}},"16":{"start":{"line":27,"column":2},"end":{"line":33,"column":null}}},"fnMap":{"0":{"name":"useTimeEntries","decl":{"start":{"line":6,"column":16},"end":{"line":6,"column":31}},"loc":{"start":{"line":6,"column":63},"end":{"line":34,"column":null}}},"1":{"name":"(anonymous_2)","decl":{"start":{"line":9,"column":32},"end":{"line":9,"column":33}},"loc":{"start":{"line":9,"column":33},"end":{"line":11,"column":5}}},"2":{"name":"(anonymous_3)","decl":{"start":{"line":10,"column":15},"end":{"line":10,"column":23}},"loc":{"start":{"line":10,"column":23},"end":{"line":10,"column":null}}},"3":{"name":"(anonymous_4)","decl":{"start":{"line":13,"column":35},"end":{"line":13,"column":36}},"loc":{"start":{"line":13,"column":48},"end":{"line":17,"column":5}}},"4":{"name":"(anonymous_5)","decl":{"start":{"line":14,"column":15},"end":{"line":14,"column":23}},"loc":{"start":{"line":14,"column":23},"end":{"line":15,"column":null}}},"5":{"name":"(anonymous_6)","decl":{"start":{"line":14,"column":32},"end":{"line":14,"column":null}},"loc":{"start":{"line":15,"column":6},"end":{"line":15,"column":null}}},"6":{"name":"(anonymous_7)","decl":{"start":{"line":19,"column":35},"end":{"line":19,"column":36}},"loc":{"start":{"line":19,"column":36},"end":{"line":21,"column":5}}},"7":{"name":"(anonymous_8)","decl":{"start":{"line":20,"column":15},"end":{"line":20,"column":23}},"loc":{"start":{"line":20,"column":23},"end":{"line":20,"column":null}}},"8":{"name":"(anonymous_9)","decl":{"start":{"line":20,"column":35},"end":{"line":20,"column":45}},"loc":{"start":{"line":20,"column":45},"end":{"line":20,"column":null}}},"9":{"name":"(anonymous_10)","decl":{"start":{"line":23,"column":37},"end":{"line":23,"column":38}},"loc":{"start":{"line":23,"column":38},"end":{"line":25,"column":5}}}},"branchMap":{"0":{"loc":{"start":{"line":15,"column":6},"end":{"line":15,"column":null}},"type":"cond-expr","locations":[{"start":{"line":15,"column":25},"end":{"line":15,"column":41}},{"start":{"line":15,"column":41},"end":{"line":15,"column":null}}]}},"s":{"0":7,"1":1,"2":7,"3":7,"4":1,"5":1,"6":7,"7":1,"8":1,"9":1,"10":7,"11":1,"12":1,"13":1,"14":7,"15":0,"16":7},"f":{"0":7,"1":1,"2":1,"3":1,"4":1,"5":1,"6":1,"7":1,"8":1,"9":0},"b":{"0":[1,0]}}
,"/home/nlnadialigia/www/extra-time-keeper/src/lib/utils.ts": {"path":"/home/nlnadialigia/www/extra-time-keeper/src/lib/utils.ts","statementMap":{"0":{"start":{"line":4,"column":16},"end":{"line":4,"column":19}},"1":{"start":{"line":1,"column":38},"end":{"line":1,"column":null}},"2":{"start":{"line":2,"column":24},"end":{"line":2,"column":null}},"3":{"start":{"line":5,"column":2},"end":{"line":5,"column":null}}},"fnMap":{"0":{"name":"cn","decl":{"start":{"line":4,"column":16},"end":{"line":4,"column":19}},"loc":{"start":{"line":4,"column":42},"end":{"line":6,"column":null}}}},"branchMap":{},"s":{"0":9,"1":1,"2":1,"3":9},"f":{"0":9},"b":{}}
,"/home/nlnadialigia/www/extra-time-keeper/src/lib/validations/timeEntry.ts": {"path":"/home/nlnadialigia/www/extra-time-keeper/src/lib/validations/timeEntry.ts","statementMap":{"0":{"start":{"line":40,"column":16},"end":{"line":40,"column":36}},"1":{"start":{"line":3,"column":13},"end":{"line":3,"column":31}},"2":{"start":{"line":1,"column":16},"end":{"line":1,"column":null}},"3":{"start":{"line":3,"column":31},"end":{"line":34,"column":null}},"4":{"start":{"line":23,"column":34},"end":{"line":23,"column":null}},"5":{"start":{"line":24,"column":30},"end":{"line":24,"column":null}},"6":{"start":{"line":26,"column":25},"end":{"line":26,"column":null}},"7":{"start":{"line":27,"column":23},"end":{"line":27,"column":null}},"8":{"start":{"line":29,"column":4},"end":{"line":29,"column":null}},"9":{"start":{"line":41,"column":32},"end":{"line":41,"column":null}},"10":{"start":{"line":42,"column":28},"end":{"line":42,"column":null}},"11":{"start":{"line":44,"column":23},"end":{"line":44,"column":null}},"12":{"start":{"line":45,"column":19},"end":{"line":45,"column":null}},"13":{"start":{"line":48,"column":2},"end":{"line":50,"column":null}},"14":{"start":{"line":49,"column":4},"end":{"line":49,"column":27}},"15":{"start":{"line":52,"column":23},"end":{"line":52,"column":null}},"16":{"start":{"line":53,"column":2},"end":{"line":53,"column":null}}},"fnMap":{"0":{"name":"(anonymous_3)","decl":{"start":{"line":21,"column":2},"end":{"line":21,"column":3}},"loc":{"start":{"line":21,"column":3},"end":{"line":30,"column":null}}},"1":{"name":"calculateTotalHours","decl":{"start":{"line":40,"column":16},"end":{"line":40,"column":36}},"loc":{"start":{"line":40,"column":70},"end":{"line":54,"column":null}}}},"branchMap":{"0":{"loc":{"start":{"line":48,"column":2},"end":{"line":50,"column":null}},"type":"if","locations":[{"start":{"line":48,"column":2},"end":{"line":50,"column":null}},{"start":{},"end":{}}]}},"s":{"0":6,"1":4,"2":1,"3":1,"4":4,"5":4,"6":4,"7":4,"8":4,"9":6,"10":6,"11":6,"12":6,"13":6,"14":2,"15":6,"16":6},"f":{"0":4,"1":6},"b":{"0":[2,4]}}
}
