TN:
SF:src/components/overtime/StatsCard.tsx
FN:25,StatsCard
FNF:1
FNH:1
FNDA:3,StatsCard
DA:2,1
DA:13,1
DA:19,1
DA:25,3
LF:4
LH:4
BRDA:41,0,0,3
BRDA:44,1,0,1
BRDA:44,1,1,2
BRF:3
BRH:3
end_of_record
TN:
SF:src/hooks/useTimeEntries.ts
FN:6,useTimeEntries
FN:9,(anonymous_2)
FN:10,(anonymous_3)
FN:13,(anonymous_4)
FN:14,(anonymous_5)
FN:14,(anonymous_6)
FN:19,(anonymous_7)
FN:20,(anonymous_8)
FN:20,(anonymous_9)
FN:23,(anonymous_10)
FNF:10
FNH:9
FNDA:7,useTimeEntries
FNDA:1,(anonymous_2)
FNDA:1,(anonymous_3)
FNDA:1,(anonymous_4)
FNDA:1,(anonymous_5)
FNDA:1,(anonymous_6)
FNDA:1,(anonymous_7)
FNDA:1,(anonymous_8)
FNDA:1,(anonymous_9)
FNDA:0,(anonymous_10)
DA:4,1
DA:6,7
DA:7,7
DA:9,7
DA:10,1
DA:13,7
DA:14,1
DA:15,1
DA:19,7
DA:20,1
DA:23,7
DA:24,0
DA:27,7
LF:13
LH:12
BRDA:15,0,0,1
BRDA:15,0,1,0
BRF:2
BRH:1
end_of_record
TN:
SF:src/lib/utils.ts
FN:4,cn
FNF:1
FNH:1
FNDA:9,cn
DA:1,1
DA:2,1
DA:4,9
DA:5,9
LF:4
LH:4
BRF:0
BRH:0
end_of_record
TN:
SF:src/lib/validations/timeEntry.ts
FN:21,(anonymous_3)
FN:40,calculateTotalHours
FNF:2
FNH:2
FNDA:4,(anonymous_3)
FNDA:6,calculateTotalHours
DA:1,1
DA:3,4
DA:23,4
DA:24,4
DA:26,4
DA:27,4
DA:29,4
DA:40,6
DA:41,6
DA:42,6
DA:44,6
DA:45,6
DA:48,6
DA:49,2
DA:52,6
DA:53,6
LF:16
LH:16
BRDA:48,0,0,2
BRDA:48,0,1,4
BRF:2
BRH:2
end_of_record
